# JRE version: OpenJDK Runtime Environment (8.0_152-b02) (build 1.8.0_152-release-1024-b02)
# Java VM: OpenJDK 64-Bit Server VM (25.152-b02 mixed mode windows-amd64 compressed oops)
Heap:
 PSYoungGen      total 195584K, used 79329K [0x00000000e0000000, 0x00000000ed680000, 0x0000000100000000)
  eden space 175616K, 39% used [0x00000000e0000000,0x00000000e435de60,0x00000000eab80000)
  from space 19968K, 51% used [0x00000000ec300000,0x00000000ecd1a710,0x00000000ed680000)
  to   space 22016K, 0% used [0x00000000eab80000,0x00000000eab80000,0x00000000ec100000)
 ParOldGen       total 123904K, used 38759K [0x00000000a0000000, 0x00000000a7900000, 0x00000000e0000000)
  object space 123904K, 31% used [0x00000000a0000000,0x00000000a25d9d28,0x00000000a7900000)
 Metaspace       used 65767K, capacity 67562K, committed 67860K, reserved 1107968K
  class space    used 8753K, capacity 9155K, committed 9276K, reserved 1048576K
GC Heap History (10 events):
Event: 128.850 GC heap before
{Heap before GC invocations=13 (full 2):
 PSYoungGen      total 138752K, used 138739K [0x00000000e0000000, 0x00000000e9800000, 0x0000000100000000)
  eden space 124928K, 100% used [0x00000000e0000000,0x00000000e7a00000,0x00000000e7a00000)
  from space 13824K, 99% used [0x00000000e8a00000,0x00000000e977cd88,0x00000000e9780000)
  to   space 15360K, 0% used [0x00000000e7a00000,0x00000000e7a00000,0x00000000e8900000)
 ParOldGen       total 80384K, used 17206K [0x00000000a0000000, 0x00000000a4e80000, 0x00000000e0000000)
  object space 80384K, 21% used [0x00000000a0000000,0x00000000a10cd980,0x00000000a4e80000)
 Metaspace       used 55352K, capacity 56858K, committed 57048K, reserved 1097728K
  class space    used 7484K, capacity 7860K, committed 7936K, reserved 1048576K
Event: 128.935 GC heap after
Heap after GC invocations=13 (full 2):
 PSYoungGen      total 140288K, used 15334K [0x00000000e0000000, 0x00000000eb780000, 0x0000000100000000)
  eden space 124928K, 0% used [0x00000000e0000000,0x00000000e0000000,0x00000000e7a00000)
  from space 15360K, 99% used [0x00000000e7a00000,0x00000000e88f9be8,0x00000000e8900000)
  to   space 19968K, 0% used [0x00000000ea400000,0x00000000ea400000,0x00000000eb780000)
 ParOldGen       total 80384K, used 23865K [0x00000000a0000000, 0x00000000a4e80000, 0x00000000e0000000)
  object space 80384K, 29% used [0x00000000a0000000,0x00000000a174e6c0,0x00000000a4e80000)
 Metaspace       used 55352K, capacity 56858K, committed 57048K, reserved 1097728K
  class space    used 7484K, capacity 7860K, committed 7936K, reserved 1048576K
}
Event: 138.408 GC heap before
{Heap before GC invocations=14 (full 2):
 PSYoungGen      total 140288K, used 86208K [0x00000000e0000000, 0x00000000eb780000, 0x0000000100000000)
  eden space 124928K, 56% used [0x00000000e0000000,0x00000000e4536468,0x00000000e7a00000)
  from space 15360K, 99% used [0x00000000e7a00000,0x00000000e88f9be8,0x00000000e8900000)
  to   space 19968K, 0% used [0x00000000ea400000,0x00000000ea400000,0x00000000eb780000)
 ParOldGen       total 80384K, used 23865K [0x00000000a0000000, 0x00000000a4e80000, 0x00000000e0000000)
  object space 80384K, 29% used [0x00000000a0000000,0x00000000a174e6c0,0x00000000a4e80000)
 Metaspace       used 57430K, capacity 58970K, committed 59028K, reserved 1099776K
  class space    used 7685K, capacity 8076K, committed 8124K, reserved 1048576K
Event: 138.622 GC heap after
Heap after GC invocations=14 (full 2):
 PSYoungGen      total 163328K, used 19947K [0x00000000e0000000, 0x00000000ec900000, 0x0000000100000000)
  eden space 143360K, 0% used [0x00000000e0000000,0x00000000e0000000,0x00000000e8c00000)
  from space 19968K, 99% used [0x00000000ea400000,0x00000000eb77af80,0x00000000eb780000)
  to   space 24576K, 0% used [0x00000000e8c00000,0x00000000e8c00000,0x00000000ea400000)
 ParOldGen       total 80384K, used 28411K [0x00000000a0000000, 0x00000000a4e80000, 0x00000000e0000000)
  object space 80384K, 35% used [0x00000000a0000000,0x00000000a1bbef78,0x00000000a4e80000)
 Metaspace       used 57430K, capacity 58970K, committed 59028K, reserved 1099776K
  class space    used 7685K, capacity 8076K, committed 8124K, reserved 1048576K
}
Event: 138.622 GC heap before
{Heap before GC invocations=15 (full 3):
 PSYoungGen      total 163328K, used 19947K [0x00000000e0000000, 0x00000000ec900000, 0x0000000100000000)
  eden space 143360K, 0% used [0x00000000e0000000,0x00000000e0000000,0x00000000e8c00000)
  from space 19968K, 99% used [0x00000000ea400000,0x00000000eb77af80,0x00000000eb780000)
  to   space 24576K, 0% used [0x00000000e8c00000,0x00000000e8c00000,0x00000000ea400000)
 ParOldGen       total 80384K, used 28411K [0x00000000a0000000, 0x00000000a4e80000, 0x00000000e0000000)
  object space 80384K, 35% used [0x00000000a0000000,0x00000000a1bbef78,0x00000000a4e80000)
 Metaspace       used 57430K, capacity 58970K, committed 59028K, reserved 1099776K
  class space    used 7685K, capacity 8076K, committed 8124K, reserved 1048576K
Event: 139.560 GC heap after
Heap after GC invocations=15 (full 3):
 PSYoungGen      total 163328K, used 0K [0x00000000e0000000, 0x00000000ec900000, 0x0000000100000000)
  eden space 143360K, 0% used [0x00000000e0000000,0x00000000e0000000,0x00000000e8c00000)
  from space 19968K, 0% used [0x00000000ea400000,0x00000000ea400000,0x00000000eb780000)
  to   space 24576K, 0% used [0x00000000e8c00000,0x00000000e8c00000,0x00000000ea400000)
 ParOldGen       total 123904K, used 38743K [0x00000000a0000000, 0x00000000a7900000, 0x00000000e0000000)
  object space 123904K, 31% used [0x00000000a0000000,0x00000000a25d5d28,0x00000000a7900000)
 Metaspace       used 57430K, capacity 58970K, committed 59028K, reserved 1099776K
  class space    used 7685K, capacity 8076K, committed 8124K, reserved 1048576K
}
Event: 289.674 GC heap before
{Heap before GC invocations=16 (full 3):
 PSYoungGen      total 163328K, used 143360K [0x00000000e0000000, 0x00000000ec900000, 0x0000000100000000)
  eden space 143360K, 100% used [0x00000000e0000000,0x00000000e8c00000,0x00000000e8c00000)
  from space 19968K, 0% used [0x00000000ea400000,0x00000000ea400000,0x00000000eb780000)
  to   space 24576K, 0% used [0x00000000e8c00000,0x00000000e8c00000,0x00000000ea400000)
 ParOldGen       total 123904K, used 38743K [0x00000000a0000000, 0x00000000a7900000, 0x00000000e0000000)
  object space 123904K, 31% used [0x00000000a0000000,0x00000000a25d5d28,0x00000000a7900000)
 Metaspace       used 63708K, capacity 65360K, committed 65428K, reserved 1105920K
  class space    used 8484K, capacity 8857K, committed 8892K, reserved 1048576K
Event: 289.824 GC heap after
Heap after GC invocations=16 (full 3):
 PSYoungGen      total 167936K, used 10582K [0x00000000e0000000, 0x00000000eda00000, 0x0000000100000000)
  eden space 143360K, 0% used [0x00000000e0000000,0x00000000e0000000,0x00000000e8c00000)
  from space 24576K, 43% used [0x00000000e8c00000,0x00000000e96559a0,0x00000000ea400000)
  to   space 23552K, 0% used [0x00000000ec300000,0x00000000ec300000,0x00000000eda00000)
 ParOldGen       total 123904K, used 38751K [0x00000000a0000000, 0x00000000a7900000, 0x00000000e0000000)
  object space 123904K, 31% used [0x00000000a0000000,0x00000000a25d7d28,0x00000000a7900000)
 Metaspace       used 63708K, capacity 65360K, committed 65428K, reserved 1105920K
  class space    used 8484K, capacity 8857K, committed 8892K, reserved 1048576K
}
Event: 307.881 GC heap before
{Heap before GC invocations=17 (full 3):
 PSYoungGen      total 167936K, used 153942K [0x00000000e0000000, 0x00000000eda00000, 0x0000000100000000)
  eden space 143360K, 100% used [0x00000000e0000000,0x00000000e8c00000,0x00000000e8c00000)
  from space 24576K, 43% used [0x00000000e8c00000,0x00000000e96559a0,0x00000000ea400000)
  to   space 23552K, 0% used [0x00000000ec300000,0x00000000ec300000,0x00000000eda00000)
 ParOldGen       total 123904K, used 38751K [0x00000000a0000000, 0x00000000a7900000, 0x00000000e0000000)
  object space 123904K, 31% used [0x00000000a0000000,0x00000000a25d7d28,0x00000000a7900000)
 Metaspace       used 64168K, capacity 65888K, committed 66068K, reserved 1105920K
  class space    used 8550K, capacity 8961K, committed 9020K, reserved 1048576K
Event: 308.003 GC heap after
Heap after GC invocations=17 (full 3):
 PSYoungGen      total 195584K, used 10345K [0x00000000e0000000, 0x00000000ed680000, 0x0000000100000000)
  eden space 175616K, 0% used [0x00000000e0000000,0x00000000e0000000,0x00000000eab80000)
  from space 19968K, 51% used [0x00000000ec300000,0x00000000ecd1a710,0x00000000ed680000)
  to   space 22016K, 0% used [0x00000000eab80000,0x00000000eab80000,0x00000000ec100000)
 ParOldGen       total 123904K, used 38759K [0x00000000a0000000, 0x00000000a7900000, 0x00000000e0000000)
  object space 123904K, 31% used [0x00000000a0000000,0x00000000a25d9d28,0x00000000a7900000)
 Metaspace       used 64168K, capacity 65888K, committed 66068K, reserved 1105920K
  class space    used 8550K, capacity 8961K, committed 9020K, reserved 1048576K
}

